otu1	bvu:BVU_1695	100.0	233	0	0	1	233	1	1510	-1	0
otu1	bvu:BVU_3841	100.0	233	0	0	1	233	1	1510	-1	0
otu1	bvu:BVU_1609	100.0	233	0	0	1	233	1	1510	-1	0
otu1	bvu:BVU_0228	100.0	233	0	0	1	233	1	1510	-1	0
otu1	bvu:BVU_0458	100.0	233	0	0	1	233	1	1510	-1	0
otu1	bdo:EL88_02965	99.6	233	1	0	1	233	1	1543	-1	0
otu1	bdh:GV66_02490	99.6	233	1	0	1	233	1	1543	-1	0
otu1	bvu:BVU_3572	99.6	233	1	0	1	233	1	1510	-1	0
otu5	bfr:BF16SrRNA02	100.0	233	0	0	1	233	1	1537	-1	0
otu5	bfr:BF16SrRNA01	100.0	233	0	0	1	233	1	1537	-1	0
otu5	bfr:BF16SrRNA04	100.0	233	0	0	1	233	1	1537	-1	0
otu5	bfr:BF16SrRNA03	100.0	233	0	0	1	233	1	1537	-1	0
otu5	bfb:VU15_12300	100.0	233	0	0	1	233	1	1540	-1	0
otu5	bdh:GV66_19835	100.0	233	0	0	1	233	1	1539	-1	0
otu5	bfb:VU15_17830	100.0	233	0	0	1	233	1	1540	-1	0
otu5	bfb:VU15_15425	100.0	233	0	0	1	233	1	1540	-1	0
otu7	bdo:EL88_19725	100.0	233	0	0	1	233	1	1543	-1	0
otu7	bdo:EL88_17255	100.0	233	0	0	1	233	1	1543	-1	0
otu7	bdo:EL88_21660	100.0	233	0	0	1	233	1	1543	-1	0
otu7	bdo:EL88_20260	100.0	233	0	0	1	233	1	1543	-1	0
otu7	bdo:EL88_02965	100.0	233	0	0	1	233	1	1543	-1	0
otu7	bdh:GV66_02490	100.0	233	0	0	1	233	1	1543	-1	0
otu7	bdo:EL88_12190	100.0	233	0	0	1	233	1	1543	-1	0
otu7	bdo:EL88_10715	100.0	233	0	0	1	233	1	1543	-1	0
otu3	ccon:AFK62_18075	99.1	233	2	0	1	233	1	1554	-1	0
otu3	ccon:AFK62_15090	99.1	233	2	0	1	233	1	1554	-1	0
otu3	cdm:AFK67_01130	99.1	233	2	0	1	233	1	1554	-1	0
otu3	ccon:AFK62_19930	99.1	233	2	0	1	233	1	1556	-1	0
otu3	ccon:AFK62_01590	99.1	233	2	0	1	233	1	1556	-1	0
otu3	ccon:AFK62_01155	99.1	233	2	0	1	233	1	1556	-1	0
otu3	ccon:AFK62_04180	99.1	233	2	0	1	233	1	1553	-1	0
otu3	ccon:AFK62_01790	99.1	233	2	0	1	233	1	1554	-1	0
otu8	ere:EUBREC_1546	100.0	233	0	0	1	233	1	1521	-1	0
otu8	ere:EUBREC_2302	100.0	233	0	0	1	233	1	1521	-1	0
otu8	ert:EUR_R_33180	100.0	233	0	0	1	233	1	1521	-1	0
otu8	ere:EUBREC_0845	100.0	233	0	0	1	233	1	1521	-1	0
otu8	era:ERE_R_37130	100.0	233	0	0	1	233	1	1521	-1	0
otu8	ere:EUBREC_0011	100.0	233	0	0	1	233	1	1521	-1	0
otu8	ere:EUBREC_0338	100.0	233	0	0	1	233	1	1521	-1	0
otu8	rix:RO1_R_44060	98.3	233	4	0	1	233	1	1521	-1	0
otu9	bth:BT_r12	100.0	233	0	0	1	233	1	1482	-1	0
otu9	bth:BT_r13	100.0	233	0	0	1	233	1	1483	-1	0
otu9	bth:BT_r06	100.0	233	0	0	1	233	1	1483	-1	0
otu9	bth:BT_r09	100.0	233	0	0	1	233	1	1482	-1	0
otu9	bfb:VU15_15425	98.3	233	4	0	1	233	1	1540	-1	0
otu9	bfb:VU15_17830	98.3	233	4	0	1	233	1	1540	-1	0
otu9	bdh:GV66_19835	98.3	233	4	0	1	233	1	1539	-1	0
otu9	bfb:VU15_12300	98.3	233	4	0	1	233	1	1540	-1	0
otu12	boa:Bovatus_02426	100.0	233	0	0	1	233	1	1526	-1	0
otu12	boa:Bovatus_02728	99.1	233	2	0	1	233	1	1522	-1	0
otu12	boa:Bovatus_03949	99.1	233	2	0	1	233	1	1526	-1	0
otu12	boa:Bovatus_01318	99.1	233	2	0	1	233	1	1525	-1	0
otu12	boa:Bovatus_01923	99.1	233	2	0	1	233	1	1526	-1	0
otu12	bfb:VU15_15425	97.9	233	5	0	1	233	1	1540	-1	0
otu12	bfb:VU15_12300	97.9	233	5	0	1	233	1	1540	-1	0
otu12	bdh:GV66_19835	97.9	233	5	0	1	233	1	1539	-1	0
otu18	boa:Bovatus_03949	99.6	233	1	0	1	233	1	1526	-1	0
otu18	boa:Bovatus_02728	99.6	233	1	0	1	233	1	1522	-1	0
otu18	boa:Bovatus_01318	99.6	233	1	0	1	233	1	1525	-1	0
otu18	boa:Bovatus_01923	99.6	233	1	0	1	233	1	1526	-1	0
otu18	boa:Bovatus_02426	99.1	233	2	0	1	233	1	1526	-1	0
otu20	ash:AL1_R_07750	97.9	233	5	0	1	233	1	1512	-1	0
otu20	afd:Alfi_1946	97.9	233	5	0	1	233	1	1414	-1	0
otu20	afd:Alfi_0095	97.9	233	5	0	1	233	1	1415	-1	0
otu23	bcel:BcellWH2_03489	100.0	233	0	0	1	233	1	1518	-1	0
otu23	bcel:BcellWH2_05186	100.0	233	0	0	1	233	1	1518	-1	0
otu23	bcel:BcellWH2_01476	100.0	233	0	0	1	233	1	1520	-1	0
otu23	bcel:BcellWH2_01923	100.0	233	0	0	1	233	1	1516	-1	0
otu28	rix:RO1_R_44060	100.0	233	0	0	1	233	1	1521	-1	0
otu28	rho:RHOM_r17070	99.6	233	1	0	1	233	1	1535	-1	0
otu28	rho:RHOM_r17072	99.6	233	1	0	1	233	1	1535	-1	0
otu28	rho:RHOM_r17066	99.6	233	1	0	1	233	1	1535	-1	0
otu28	rho:RHOM_r17068	99.6	233	1	0	1	233	1	1535	-1	0
otu28	ere:EUBREC_0338	98.3	233	4	0	1	233	1	1521	-1	0
otu28	ere:EUBREC_0011	98.3	233	4	0	1	233	1	1521	-1	0
otu28	era:ERE_R_37130	98.3	233	4	0	1	233	1	1521	-1	0
otu22	amu:Amuc_R0036	100.0	233	0	0	1	233	1	1505	-1	0
otu22	amu:Amuc_R0026	100.0	233	0	0	1	233	1	1505	-1	0
otu22	amu:Amuc_R0019	100.0	233	0	0	1	233	1	1505	-1	0
otu25	boa:Bovatus_03949	100.0	233	0	0	1	233	1	1526	-1	0
otu25	boa:Bovatus_02728	100.0	233	0	0	1	233	1	1522	-1	0
otu25	boa:Bovatus_01318	100.0	233	0	0	1	233	1	1525	-1	0
otu25	boa:Bovatus_01923	100.0	233	0	0	1	233	1	1526	-1	0
otu25	boa:Bovatus_02426	99.1	233	2	0	1	233	1	1526	-1	0
otu35	bbrc:B7019_rRNA16S1	100.0	233	0	0	1	233	1	1530	-1	0
otu35	bad:BAD_r0015	99.6	233	1	0	1	233	1	1534	-1	0
otu35	badl:BADO_1rRNA16S	99.6	233	1	0	1	233	1	1515	-1	0
otu35	bado:BBMN23_r004	99.6	233	1	0	1	233	1	1475	-1	0
otu35	bad:BAD_r0003	99.6	233	1	0	1	233	1	1534	-1	0
otu35	bad:BAD_r0009	99.6	233	1	0	1	233	1	1531	-1	0
otu35	bad:BAD_r0012	99.6	233	1	0	1	233	1	1534	-1	0
otu35	bad:BAD_r0006	99.1	234	1	1	1	233	1	1536	-1	0
otu36	bcat:BBCT_16SrRNA02	100.0	233	0	0	1	233	1	1532	-1	0
otu36	bcat:BBCT_16SrRNA01	100.0	233	0	0	1	233	1	1532	-1	0
otu36	bcat:BBCT_16SrRNA04	100.0	233	0	0	1	233	1	1532	-1	0
otu36	bcat:BBCT_16SrRNA03	100.0	233	0	0	1	233	1	1532	-1	0
otu36	bang:BBAG_16SrRNA02	99.6	233	1	0	1	233	1	1535	-1	0
otu36	bang:BBAG_16SrRNA01	99.6	233	1	0	1	233	1	1535	-1	0
otu36	bang:BBAG_16SrRNA04	99.6	233	1	0	1	233	1	1535	-1	0
otu36	bang:BBAG_16SrRNA03	99.6	233	1	0	1	233	1	1535	-1	0
otu29	afd:Alfi_1946	100.0	233	0	0	1	233	1	1414	-1	0
otu29	afd:Alfi_0095	100.0	233	0	0	1	233	1	1415	-1	0
otu29	ash:AL1_R_07750	98.3	233	4	0	1	233	1	1512	-1	0
otu37	cdf:CD630_r0130	98.3	232	4	0	1	232	1	1507	-1	0
otu37	cdf:CD630_r0100	98.3	232	4	0	1	232	1	1507	-1	0
otu37	cdf:CD630_r0190	98.3	232	4	0	1	232	1	1507	-1	0
otu37	cdf:CD630_r0160	98.3	232	4	0	1	232	1	1507	-1	0
otu37	cdf:CD630_r0010	98.3	232	4	0	1	232	1	1507	-1	0
otu37	cdc:16S_rRNA-4	98.3	232	4	0	1	232	1	1531	-1	0
otu37	cdf:CD630_r0070	98.3	232	4	0	1	232	1	1507	-1	0
otu37	cdf:CD630_r0040	98.3	232	4	0	1	232	1	1507	-1	0
otu38	bad:BAD_r0015	100.0	233	0	0	1	233	1	1534	-1	0
otu38	badl:BADO_1rRNA16S	100.0	233	0	0	1	233	1	1515	-1	0
otu38	bado:BBMN23_r004	100.0	233	0	0	1	233	1	1475	-1	0
otu38	bad:BAD_r0012	100.0	233	0	0	1	233	1	1534	-1	0
otu38	bad:BAD_r0003	100.0	233	0	0	1	233	1	1534	-1	0
otu38	bad:BAD_r0009	100.0	233	0	0	1	233	1	1531	-1	0
otu38	bad:BAD_r0006	99.6	234	0	1	1	233	1	1536	-1	0
otu38	bbrc:B7019_rRNA16S1	99.6	233	1	0	1	233	1	1530	-1	0
otu31	boa:Bovatus_03949	99.1	233	2	0	1	233	1	1526	-1	0
otu31	boa:Bovatus_02728	99.1	233	2	0	1	233	1	1522	-1	0
otu31	boa:Bovatus_01318	99.1	233	2	0	1	233	1	1525	-1	0
otu31	boa:Bovatus_01923	99.1	233	2	0	1	233	1	1526	-1	0
otu31	boa:Bovatus_02426	98.7	233	3	0	1	233	1	1526	-1	0
otu32	amu:Amuc_R0036	98.3	233	4	0	1	233	1	1505	-1	0
otu32	amu:Amuc_R0026	98.3	233	4	0	1	233	1	1505	-1	0
otu32	amu:Amuc_R0019	98.3	233	4	0	1	233	1	1505	-1	0
otu34	bprl:CL2_R_32030	100.0	233	0	0	1	233	1	1521	-1	0
otu39	esr:ES1_R_27030	99.6	233	1	0	1	233	1	1497	-1	0
otu48	pdi:BDI_2738	100.0	233	0	0	1	233	1	1497	-1	0
otu48	pdi:BDI_2861	100.0	233	0	0	1	233	1	1497	-1	0
otu48	pdi:BDI_3948	100.0	233	0	0	1	233	1	1497	-1	0
otu48	pdi:BDI_2443	100.0	233	0	0	1	233	1	1495	-1	0
otu48	pdi:BDI_0133	100.0	233	0	0	1	233	1	1497	-1	0
otu48	pdi:BDI_0363	100.0	233	0	0	1	233	1	1495	-1	0
otu48	pdi:BDI_1793	100.0	233	0	0	1	233	1	1495	-1	0
otu47	amu:Amuc_R0036	97.4	233	6	0	1	233	1	1505	-1	0
otu47	amu:Amuc_R0026	97.4	233	6	0	1	233	1	1505	-1	0
otu47	amu:Amuc_R0019	97.4	233	6	0	1	233	1	1505	-1	0
otu51	bprl:CL2_R_32030	99.6	233	1	0	1	233	1	1521	-1	0
otu61	cfd:CFNIH1_08295	99.6	233	1	0	1	233	1	1539	-1	0
otu61	cfd:CFNIH1_07640	99.6	233	1	0	1	233	1	1539	-1	0
otu61	cfd:CFNIH1_24360	99.6	233	1	0	1	233	1	1539	-1	0
otu61	cfd:CFNIH1_10685	99.6	233	1	0	1	233	1	1539	-1	0
otu61	cfd:CFNIH1_04065	99.6	233	1	0	1	233	1	1539	-1	0
otu61	cfd:CFNIH1_03610	99.6	233	1	0	1	233	1	1539	-1	0
otu61	cfd:CFNIH1_07435	99.6	233	1	0	1	233	1	1539	-1	0
otu61	cfd:CFNIH1_06825	99.6	233	1	0	1	233	1	1539	-1	0
otu55	eel:EUBELI_01968	99.6	233	1	0	1	233	1	1519	-1	0
otu55	eel:EUBELI_00385	99.6	233	1	0	1	233	1	1520	-1	0
otu55	eel:EUBELI_00013	99.6	233	1	0	1	233	1	1519	-1	0
otu55	eel:EUBELI_00858	99.1	233	2	0	1	233	1	1519	-1	0
otu55	eel:EUBELI_00695	99.1	233	2	0	1	233	1	1519	-1	0
otu64	bvu:BVU_1999	100.0	233	0	0	1	233	1	1510	-1	0
otu64	bvu:BVU_1695	99.6	233	1	0	1	233	1	1510	-1	0
otu64	bvu:BVU_3841	99.6	233	1	0	1	233	1	1510	-1	0
otu64	bvu:BVU_1609	99.6	233	1	0	1	233	1	1510	-1	0
otu64	bvu:BVU_0228	99.6	233	1	0	1	233	1	1510	-1	0
otu64	bvu:BVU_0458	99.6	233	1	0	1	233	1	1510	-1	0
otu64	bdh:GV66_02490	99.1	233	2	0	1	233	1	1543	-1	0
otu64	bvu:BVU_3572	99.1	233	2	0	1	233	1	1510	-1	0
otu58	rus:RBI_I01437	100.0	233	0	0	1	233	1	1507	-1	0
otu58	rus:RBI_II00289	100.0	233	0	0	1	233	1	1507	-1	0
otu58	rus:RBI_I00137	100.0	233	0	0	1	233	1	1507	-1	0
otu58	rus:RBI_I00846	100.0	233	0	0	1	233	1	1507	-1	0
otu58	rch:RUM_R_24670	97.9	233	5	0	1	233	1	1494	-1	0
otu54	ere:EUBREC_1546	97.9	233	5	0	1	233	1	1521	-1	0
otu54	ere:EUBREC_2302	97.9	233	5	0	1	233	1	1521	-1	0
otu54	ert:EUR_R_33180	97.9	233	5	0	1	233	1	1521	-1	0
otu54	ere:EUBREC_0845	97.9	233	5	0	1	233	1	1521	-1	0
otu54	era:ERE_R_37130	97.9	233	5	0	1	233	1	1521	-1	0
otu54	ere:EUBREC_0011	97.9	233	5	0	1	233	1	1521	-1	0
otu54	ere:EUBREC_0338	97.9	233	5	0	1	233	1	1521	-1	0
otu66	cfd:CFNIH1_08295	100.0	233	0	0	1	233	1	1539	-1	0
otu66	cfd:CFNIH1_07640	100.0	233	0	0	1	233	1	1539	-1	0
otu66	cfd:CFNIH1_24360	100.0	233	0	0	1	233	1	1539	-1	0
otu66	cfd:CFNIH1_10685	100.0	233	0	0	1	233	1	1539	-1	0
otu66	cfd:CFNIH1_04065	100.0	233	0	0	1	233	1	1539	-1	0
otu66	cfd:CFNIH1_03610	100.0	233	0	0	1	233	1	1539	-1	0
otu66	cfd:CFNIH1_07435	100.0	233	0	0	1	233	1	1539	-1	0
otu66	cfd:CFNIH1_06825	100.0	233	0	0	1	233	1	1539	-1	0
otu62	pdi:BDI_2738	99.1	233	2	0	1	233	1	1497	-1	0
otu62	pdi:BDI_2861	99.1	233	2	0	1	233	1	1497	-1	0
otu62	pdi:BDI_3948	99.1	233	2	0	1	233	1	1497	-1	0
otu62	pdi:BDI_2443	99.1	233	2	0	1	233	1	1495	-1	0
otu62	pdi:BDI_0133	99.1	233	2	0	1	233	1	1497	-1	0
otu62	pdi:BDI_0363	99.1	233	2	0	1	233	1	1495	-1	0
otu62	pdi:BDI_1793	99.1	233	2	0	1	233	1	1495	-1	0
otu67	ash:AL1_R_07750	99.6	233	1	0	1	233	1	1512	-1	0
otu67	afd:Alfi_1946	98.7	233	3	0	1	233	1	1414	-1	0
otu67	afd:Alfi_0095	98.7	233	3	0	1	233	1	1415	-1	0
otu68	pdi:BDI_2738	98.7	233	3	0	1	233	1	1497	-1	0
otu68	pdi:BDI_2861	98.7	233	3	0	1	233	1	1497	-1	0
otu68	pdi:BDI_3948	98.7	233	3	0	1	233	1	1497	-1	0
otu68	pdi:BDI_2443	98.7	233	3	0	1	233	1	1495	-1	0
otu68	pdi:BDI_0133	98.7	233	3	0	1	233	1	1497	-1	0
otu68	pdi:BDI_0363	98.7	233	3	0	1	233	1	1495	-1	0
otu68	pdi:BDI_1793	98.7	233	3	0	1	233	1	1495	-1	0
otu71	eel:EUBELI_01968	100.0	233	0	0	1	233	1	1519	-1	0
otu71	eel:EUBELI_00385	100.0	233	0	0	1	233	1	1520	-1	0
otu71	eel:EUBELI_00013	100.0	233	0	0	1	233	1	1519	-1	0
otu71	eel:EUBELI_00858	99.6	233	1	0	1	233	1	1519	-1	0
otu71	eel:EUBELI_00695	99.6	233	1	0	1	233	1	1519	-1	0
otu77	ssr:SALIVB_r0018	100.0	232	0	0	1	232	1	1536	-1	0
otu77	ssr:SALIVB_r0013	100.0	232	0	0	1	232	1	1536	-1	0
otu77	ste:STER_r0079	100.0	232	0	0	1	232	1	1543	-1	0
otu77	ste:STER_r0019	100.0	232	0	0	1	232	1	1543	-1	0
otu77	ssr:SALIVB_r0004	100.0	232	0	0	1	232	1	1536	-1	0
otu77	ssr:SALIVB_r0001	100.0	232	0	0	1	232	1	1536	-1	0
otu77	ssr:SALIVB_r0010	100.0	232	0	0	1	232	1	1536	-1	0
otu77	ssr:SALIVB_r0007	100.0	232	0	0	1	232	1	1536	-1	0
otu78	rto:RTO_R_32970	99.6	233	1	0	1	233	1	1519	-1	0
otu82	bcel:BcellWH2_03489	97.9	233	5	0	1	233	1	1518	-1	0
otu82	bcel:BcellWH2_05186	97.9	233	5	0	1	233	1	1518	-1	0
otu82	bcel:BcellWH2_01476	97.9	233	5	0	1	233	1	1520	-1	0
otu82	bcel:BcellWH2_01923	97.9	233	5	0	1	233	1	1516	-1	0
otu90	rho:RHOM_r17070	100.0	233	0	0	1	233	1	1535	-1	0
otu90	rho:RHOM_r17072	100.0	233	0	0	1	233	1	1535	-1	0
otu90	rho:RHOM_r17066	100.0	233	0	0	1	233	1	1535	-1	0
otu90	rho:RHOM_r17068	100.0	233	0	0	1	233	1	1535	-1	0
otu90	rix:RO1_R_44060	99.6	233	1	0	1	233	1	1521	-1	0
otu90	ere:EUBREC_0338	97.9	233	5	0	1	233	1	1521	-1	0
otu90	ere:EUBREC_0011	97.9	233	5	0	1	233	1	1521	-1	0
otu90	era:ERE_R_37130	97.9	233	5	0	1	233	1	1521	-1	0
otu83	hia:H733_1783	97.9	233	5	0	1	233	1	1539	-1	0
otu83	hia:H733_1814	97.9	233	5	0	1	233	1	1539	-1	0
otu83	hic:NTHIC486_00391	97.9	233	5	0	1	233	1	1528	-1	0
otu83	hia:H733_1770	97.9	233	5	0	1	233	1	1539	-1	0
otu83	hia:H733_1736	97.9	233	5	0	1	233	1	1539	-1	0
otu83	hia:H733_1749	97.9	233	5	0	1	233	1	1539	-1	0
otu83	hia:H733_1760	97.9	233	5	0	1	233	1	1539	-1	0
otu83	hic:NTHIC486_00265	97.4	233	6	0	1	233	1	1528	-1	0
otu96	fpla:A4U99_05170	100.0	233	0	0	1	233	1	1539	-1	0
otu96	fpla:A4U99_00400	100.0	233	0	0	1	233	1	1540	-1	0
otu100	rto:RTO_R_32970	97.9	233	5	0	1	233	1	1519	-1	0
otu101	lacy:A4V08_15755	100.0	233	0	0	1	233	1	1543	-1	0
otu101	lacy:A4V08_06750	100.0	233	0	0	1	233	1	1543	-1	0
otu115	bvu:BVU_3572	100.0	233	0	0	1	233	1	1510	-1	0
otu115	bvu:BVU_1695	99.6	233	1	0	1	233	1	1510	-1	0
otu115	bvu:BVU_3841	99.6	233	1	0	1	233	1	1510	-1	0
otu115	bvu:BVU_0228	99.6	233	1	0	1	233	1	1510	-1	0
otu115	bvu:BVU_0458	99.6	233	1	0	1	233	1	1510	-1	0
otu115	bvu:BVU_1609	99.6	233	1	0	1	233	1	1510	-1	0
otu115	bdo:EL88_02965	99.1	233	2	0	1	233	1	1543	-1	0
otu115	bdh:GV66_02490	99.1	233	2	0	1	233	1	1543	-1	0
otu116	lpb:SH83_05330	100.0	233	0	0	1	233	1	1586	-1	0
otu116	lpb:SH83_02325	100.0	233	0	0	1	233	1	1586	-1	0
otu116	lpb:SH83_11835	100.0	233	0	0	1	233	1	1586	-1	0
otu116	lpb:SH83_09580	100.0	233	0	0	1	233	1	1586	-1	0
otu116	lho:LOOC260_104130	98.7	233	3	0	1	233	1	1573	-1	0
otu116	lho:LOOC260_103350	98.7	233	3	0	1	233	1	1573	-1	0
otu116	lho:LOOC260_114890	98.7	233	3	0	1	233	1	1573	-1	0
otu116	lho:LOOC260_107050	98.3	233	4	0	1	233	1	1573	-1	0
otu118	rto:RTO_R_32970	97.4	233	6	0	1	233	1	1519	-1	0
otu114	osp:Odosp_R0031	100.0	232	0	0	1	232	1	1512	-1	0
otu114	osp:Odosp_R0043	100.0	232	0	0	1	232	1	1512	-1	0
otu114	osp:Odosp_R0017	100.0	232	0	0	1	232	1	1512	-1	0
otu114	osp:Odosp_R0026	100.0	232	0	0	1	232	1	1512	-1	0
otu142	asol:BEN76_04515	97.9	233	5	0	1	233	1	1546	-1	0
otu142	aci:ACIADrRNA16S_4	97.4	233	6	0	1	233	1	1530	-1	0
otu142	aci:ACIADrRNA16S_7	97.4	233	6	0	1	233	1	1530	-1	0
otu142	abaa:IX88_02375	97.4	233	6	0	1	233	1	1544	-1	0
otu142	aci:ACIADrRNA16S_10	97.4	233	6	0	1	233	1	1530	-1	0
otu142	aci:ACIADrRNA16S_1	97.4	233	6	0	1	233	1	1530	-1	0
otu142	aci:ACIADrRNA16S_21	97.4	233	6	0	1	233	1	1530	-1	0
otu142	aci:ACIADrRNA16S_15	97.4	233	6	0	1	233	1	1530	-1	0
otu151	tur:AT726_05455	100.0	233	0	0	1	233	1	1525	-1	0
otu151	tur:AT726_02880	100.0	233	0	0	1	233	1	1526	-1	0
otu161	rch:RUM_R_24670	97.4	233	6	0	1	233	1	1494	-1	0
otu160	fma:FMG_rrnC_16SrRNA	100.0	232	0	0	1	232	1	1524	-1	0
otu160	fma:FMG_rrnD_16SrRNA	100.0	232	0	0	1	232	1	1525	-1	0
otu160	fma:FMG_rrnA_16SrRNA	100.0	232	0	0	1	232	1	1521	-1	0
otu160	fma:FMG_rrnB_16SrRNA	100.0	232	0	0	1	232	1	1466	-1	0
otu164	vpr:Vpar_R0001	98.3	232	4	0	1	232	1	1551	-1	0
otu164	vpr:Vpar_R0041	97.8	232	5	0	1	232	1	1552	-1	0
otu164	vpr:Vpar_R0018	97.8	232	5	0	1	232	1	1551	-1	0
otu164	vpr:Vpar_R0013	97.8	232	5	0	1	232	1	1551	-1	0
otu168	pah:Poras_R0036	100.0	233	0	0	1	233	1	1517	-1	0
otu168	pah:Poras_R0016	100.0	233	0	0	1	233	1	1517	-1	0
otu182	eel:EUBELI_00858	99.6	233	1	0	1	233	1	1519	-1	0
otu182	eel:EUBELI_01968	99.1	233	2	0	1	233	1	1519	-1	0
otu182	eel:EUBELI_00013	99.1	233	2	0	1	233	1	1519	-1	0
otu182	eel:EUBELI_00385	99.1	233	2	0	1	233	1	1520	-1	0
otu182	eel:EUBELI_00695	98.7	233	3	0	1	233	1	1519	-1	0
otu180	apr:Apre_R0060	99.1	232	2	0	1	232	1	1515	-1	0
otu180	apr:Apre_R0001	99.1	232	2	0	1	232	1	1515	-1	0
otu180	apr:Apre_R0031	98.7	232	3	0	1	232	1	1514	-1	0
otu180	apr:Apre_R0005	98.7	232	3	0	1	232	1	1516	-1	0
otu183	rto:RTO_R_32970	100.0	233	0	0	1	233	1	1519	-1	0
otu191	lcl:LOCK919_r027701	100.0	233	0	0	1	233	1	1549	-1	0
otu191	lca:LSEI_r2531	100.0	233	0	0	1	233	1	1574	-1	0
otu191	lcl:LOCK919_r097203	100.0	233	0	0	1	233	1	1549	-1	0
otu191	lcl:LOCK919_r093302	100.0	233	0	0	1	233	1	1549	-1	0
otu191	lca:LSEI_r0829	100.0	233	0	0	1	233	1	1574	-1	0
otu191	lca:LSEI_r0258	100.0	233	0	0	1	233	1	1574	-1	0
otu191	lca:LSEI_r1835	100.0	233	0	0	1	233	1	1574	-1	0
otu191	lca:LSEI_r0870	100.0	233	0	0	1	233	1	1574	-1	0
otu199	cha:CHAB381_1806	100.0	233	0	0	1	233	1	1451	-1	0
otu199	cha:CHAB381_1803	100.0	233	0	0	1	233	1	1451	-1	0
otu199	cha:CHAB381_1800	100.0	233	0	0	1	233	1	1451	-1	0
otu197	dpg:DESPIGER_0214	99.1	233	2	0	1	233	1	1551	-1	0
otu197	dpg:DESPIGER_0686	99.1	233	2	0	1	233	1	1551	-1	0
otu197	dfi:AXF13_03345	98.7	233	3	0	1	233	1	1554	-1	0
otu197	dfi:AXF13_00675	98.7	233	3	0	1	233	1	1554	-1	0
otu197	dfi:AXF13_02425	98.7	233	3	0	1	233	1	1554	-1	0
otu201	ecas:ECBG_05063	100.0	233	0	0	1	233	1	1547	-1	0
otu201	ecas:ECBG_05029	100.0	233	0	0	1	233	1	1547	-1	0
otu201	edu:LIU_01395	100.0	233	0	0	1	233	1	1564	-1	0
otu201	ecas:ECBG_05074	100.0	233	0	0	1	233	1	1547	-1	0
otu201	ecas:ECBG_05000	100.0	233	0	0	1	233	1	1547	-1	0
otu201	ecas:ECBG_05011	100.0	233	0	0	1	233	1	1547	-1	0
otu201	edu:LIU_13080	99.6	233	0	1	1	233	1	1564	-1	0
otu201	ega:AL523_09950	99.6	233	0	1	1	233	1	1563	-1	0
otu206	bbi:BBIF_3rRNA16S	100.0	233	0	0	1	233	1	1533	-1	0
otu206	bbi:BBIF_2rRNA16S	100.0	233	0	0	1	233	1	1533	-1	0
otu206	bbp:BBPR_2rRNA16S	100.0	233	0	0	1	233	1	1516	-1	0
otu206	bbp:BBPR_1rRNA16S	100.0	233	0	0	1	233	1	1516	-1	0
otu206	bbf:BBB_r0006	100.0	233	0	0	1	233	1	1533	-1	0
otu206	bbf:BBB_r0003	100.0	233	0	0	1	233	1	1533	-1	0
otu206	bbi:BBIF_1rRNA16S	100.0	233	0	0	1	233	1	1533	-1	0
otu206	bbf:BBB_r0009	100.0	233	0	0	1	233	1	1532	-1	0
otu208	med:MELS_R019	97.4	232	6	0	1	232	1	1552	-1	0
otu208	med:MELS_R020	97.4	232	6	0	1	232	1	1552	-1	0
otu208	med:MELS_R021	97.4	232	6	0	1	232	1	1552	-1	0
otu208	med:MELS_R018	97.4	232	6	0	1	232	1	1552	-1	0
otu208	med:MELS_R015	97.4	232	6	0	1	232	1	1552	-1	0
otu208	med:MELS_R016	97.4	232	6	0	1	232	1	1552	-1	0
otu208	med:MELS_R017	97.4	232	6	0	1	232	1	1552	-1	0
otu213	ibu:IB211_rRNA00004	100.0	233	0	0	1	233	1	1467	-1	0
otu213	ibu:IB211_rRNA00001	100.0	233	0	0	1	233	1	1467	-1	0
otu214	apr:Apre_R0060	98.7	232	3	0	1	232	1	1515	-1	0
otu214	apr:Apre_R0001	98.7	232	3	0	1	232	1	1515	-1	0
otu214	apr:Apre_R0031	98.3	232	4	0	1	232	1	1514	-1	0
otu214	apr:Apre_R0005	98.3	232	4	0	1	232	1	1516	-1	0
otu212	erb:A4V01_14510	100.0	232	0	0	1	232	1	1549	-1	0
otu212	erb:A4V01_05310	100.0	232	0	0	1	232	1	1549	-1	0
otu212	erb:A4V01_04250	100.0	232	0	0	1	232	1	1549	-1	0
otu216	pdi:BDI_2738	99.6	233	1	0	1	233	1	1497	-1	0
otu216	pdi:BDI_2861	99.6	233	1	0	1	233	1	1497	-1	0
otu216	pdi:BDI_3948	99.6	233	1	0	1	233	1	1497	-1	0
otu216	pdi:BDI_2443	99.6	233	1	0	1	233	1	1495	-1	0
otu216	pdi:BDI_0133	99.6	233	1	0	1	233	1	1497	-1	0
otu216	pdi:BDI_0363	99.6	233	1	0	1	233	1	1495	-1	0
otu216	pdi:BDI_1793	99.6	233	1	0	1	233	1	1495	-1	0
otu226	vpr:Vpar_R0001	98.3	232	4	0	1	232	1	1551	-1	0
otu226	vpr:Vpar_R0041	97.8	232	5	0	1	232	1	1552	-1	0
otu226	vpr:Vpar_R0018	97.8	232	5	0	1	232	1	1551	-1	0
otu226	vpr:Vpar_R0013	97.8	232	5	0	1	232	1	1551	-1	0
otu240	ele:Elen_R0056	100.0	232	0	0	1	232	1	1497	-1	0
otu240	ele:Elen_R0039	100.0	232	0	0	1	232	1	1497	-1	0
otu240	ele:Elen_R0012	100.0	232	0	0	1	232	1	1497	-1	0
otu229	ash:AL1_R_07750	98.7	233	3	0	1	233	1	1512	-1	0
otu229	afd:Alfi_1946	97.9	233	5	0	1	233	1	1414	-1	0
otu229	afd:Alfi_0095	97.9	233	5	0	1	233	1	1415	-1	0
otu259	cbv:U729_870	98.3	233	4	0	1	233	1	1501	-1	0
otu259	cbv:U729_882	98.3	233	4	0	1	233	1	1501	-1	0
otu259	cbv:U729_902	98.3	233	4	0	1	233	1	1501	-1	0
otu259	cbv:U729_834	98.3	233	4	0	1	233	1	1501	-1	0
otu259	cbv:U729_1101	98.3	233	4	0	1	233	1	1505	-1	0
otu259	cbv:U729_1293	98.3	233	4	0	1	233	1	1503	-1	0
otu259	cbv:U729_1557	98.3	233	4	0	1	233	1	1503	-1	0
otu259	cbv:U729_893	97.9	233	5	0	1	233	1	1501	-1	0
otu260	aeq:AEQU_16SrRNA02	100.0	232	0	0	1	232	1	1458	-1	0
otu260	aeq:AEQU_16SrRNA01	100.0	232	0	0	1	232	1	1458	-1	0
otu265	byl:A4V09_16795	100.0	233	0	0	1	233	1	1542	-1	0
otu265	byl:A4V09_19815	100.0	233	0	0	1	233	1	1542	-1	0
otu265	byl:A4V09_10920	100.0	233	0	0	1	233	1	1542	-1	0
otu265	byl:A4V09_00980	100.0	233	0	0	1	233	1	1542	-1	0
otu265	byl:A4V09_01065	100.0	233	0	0	1	233	1	1542	-1	0
otu269	esr:ES1_R_27030	100.0	233	0	0	1	233	1	1497	-1	0
otu280	sab:16S_rRNA-2	100.0	233	0	0	1	233	1	1555	-1	0
otu280	sab:16S_rRNA-3	100.0	233	0	0	1	233	1	1555	-1	0
otu280	sab:16S_rRNA-4	100.0	233	0	0	1	233	1	1555	-1	0
otu280	saa:SAUSA300_2124	100.0	233	0	0	1	233	1	1555	-1	0
otu280	saa:SAUSA300_0499	100.0	233	0	0	1	233	1	1555	-1	0
otu280	saa:SAUSA300_0455	100.0	233	0	0	1	233	1	1555	-1	0
otu280	saa:SAUSA300_2017	100.0	233	0	0	1	233	1	1555	-1	0
otu280	sab:16S_rRNA-1	99.6	233	1	0	1	233	1	1555	-1	0
otu287	ccon:AFK62_18075	99.1	233	2	0	1	233	1	1554	-1	0
otu287	ccon:AFK62_15090	99.1	233	2	0	1	233	1	1554	-1	0
otu287	cdm:AFK67_01130	99.1	233	2	0	1	233	1	1554	-1	0
otu287	ccon:AFK62_19930	99.1	233	2	0	1	233	1	1556	-1	0
otu287	ccon:AFK62_01590	99.1	233	2	0	1	233	1	1556	-1	0
otu287	ccon:AFK62_01155	99.1	233	2	0	1	233	1	1556	-1	0
otu287	ccon:AFK62_04180	99.1	233	2	0	1	233	1	1553	-1	0
otu287	ccon:AFK62_01790	99.1	233	2	0	1	233	1	1554	-1	0
otu296	coa:DR71_157	100.0	234	0	0	1	234	1	1506	-1	0
otu296	coa:DR71_669	100.0	234	0	0	1	234	1	1506	-1	0
otu296	coa:DR71_673	100.0	234	0	0	1	234	1	1506	-1	0
otu296	coa:DR71_1024	100.0	234	0	0	1	234	1	1506	-1	0
otu296	clw:CLAC_06975	100.0	234	0	0	1	234	1	1524	-1	0
otu296	clw:CLAC_10110	100.0	234	0	0	1	234	1	1524	-1	0
otu296	clw:CLAC_12160	100.0	234	0	0	1	234	1	1524	-1	0
otu296	car:cauri_r01	97.4	234	6	0	1	234	1	1409	-1	0
otu293	vpr:Vpar_R0001	100.0	232	0	0	1	232	1	1551	-1	0
otu293	vpr:Vpar_R0041	99.6	232	1	0	1	232	1	1552	-1	0
otu293	vpr:Vpar_R0018	99.6	232	1	0	1	232	1	1551	-1	0
otu293	vpr:Vpar_R0013	99.6	232	1	0	1	232	1	1551	-1	0
otu294	pah:Poras_R0036	99.6	233	1	0	1	233	1	1517	-1	0
otu294	pah:Poras_R0016	99.6	233	1	0	1	233	1	1517	-1	0
otu301	mvr:X781_r180	99.1	233	2	0	1	233	1	1528	-1	0
otu301	mvr:X781_r190	99.1	233	2	0	1	233	1	1528	-1	0
otu301	mvr:X781_r200	99.1	233	2	0	1	233	1	1528	-1	0
otu301	mvr:X781_r150	99.1	233	2	0	1	233	1	1528	-1	0
otu301	mvr:X781_r160	99.1	233	2	0	1	233	1	1528	-1	0
otu301	mvr:X781_r170	99.1	233	2	0	1	233	1	1528	-1	0
otu301	btra:F544_r150	97.4	233	6	0	1	233	1	1528	-1	0
otu301	btra:F544_r140	97.4	233	6	0	1	233	1	1528	-1	0
otu303	ruk:A4V00_06105	97.4	233	6	0	1	233	1	1540	-1	0
otu308	fpla:A4U99_05170	97.4	233	6	0	1	233	1	1539	-1	0
otu308	fpla:A4U99_00400	97.4	233	6	0	1	233	1	1540	-1	0
otu309	rix:RO1_R_44060	97.4	233	6	0	1	233	1	1521	-1	0
otu321	scp:HMPREF0833_r10004	97.8	232	5	0	1	232	1	1536	-1	0
otu321	scp:HMPREF0833_r10001	97.8	232	5	0	1	232	1	1536	-1	0
otu321	scp:HMPREF0833_r10010	97.8	232	5	0	1	232	1	1536	-1	0
otu321	scp:HMPREF0833_r10007	97.8	232	5	0	1	232	1	1536	-1	0
otu321	scf:Spaf_r02	97.8	232	5	0	1	232	1	1429	-1	0
otu321	scf:Spaf_r01	97.8	232	5	0	1	232	1	1430	-1	0
otu321	scf:Spaf_r04	97.8	232	5	0	1	232	1	1430	-1	0
otu321	scf:Spaf_r03	97.8	232	5	0	1	232	1	1430	-1	0
otu337	elm:ELI_3879	100.0	233	0	0	1	233	1	1512	-1	0
otu337	elm:ELI_4388	100.0	233	0	0	1	233	1	1512	-1	0
otu337	elm:ELI_2908	100.0	233	0	0	1	233	1	1512	-1	0
otu337	elm:ELI_0173	100.0	233	0	0	1	233	1	1512	-1	0
otu337	elm:ELI_0981	100.0	233	0	0	1	233	1	1512	-1	0
otu365	ajo:RZ95_13775	100.0	233	0	0	1	233	1	1545	-1	0
otu365	ajo:RZ95_16150	100.0	233	0	0	1	233	1	1545	-1	0
otu365	ajo:RZ95_16885	100.0	233	0	0	1	233	1	1545	-1	0
otu365	ajo:RZ95_08195	100.0	233	0	0	1	233	1	1545	-1	0
otu365	ajo:RZ95_02340	100.0	233	0	0	1	233	1	1545	-1	0
otu365	ajo:RZ95_00125	99.6	233	1	0	1	233	1	1545	-1	0
otu365	ajo:RZ95_03055	99.6	233	1	0	1	233	1	1545	-1	0
otu365	abaa:IX88_02375	97.9	233	5	0	1	233	1	1544	-1	0
otu361	lacy:A4V08_15755	99.6	233	1	0	1	233	1	1543	-1	0
otu361	lacy:A4V08_06750	99.6	233	1	0	1	233	1	1543	-1	0
otu363	csh:Closa_R0026	97.9	233	5	0	1	233	1	1519	-1	0
otu363	csh:Closa_R0040	97.9	233	5	0	1	233	1	1519	-1	0
otu363	csh:Closa_R0083	97.9	233	5	0	1	233	1	1519	-1	0
otu363	csh:Closa_R0002	97.9	233	5	0	1	233	1	1519	-1	0
otu363	csh:Closa_R0013	97.9	233	5	0	1	233	1	1519	-1	0
otu363	csh:Closa_R0021	97.9	233	5	0	1	233	1	1519	-1	0
otu373	ain:Acin_3100	100.0	232	0	0	1	232	1	1489	-1	0
otu373	ain:Acin_3103	100.0	232	0	0	1	232	1	1489	-1	0
otu373	afn:Acfer_R0063	99.6	232	1	0	1	232	1	1545	-1	0
otu373	afn:Acfer_R0078	99.6	232	1	0	1	232	1	1545	-1	0
otu373	afn:Acfer_R0005	99.6	232	1	0	1	232	1	1545	-1	0
otu373	afn:Acfer_R0001	99.6	232	1	0	1	232	1	1545	-1	0
otu373	afn:Acfer_R0029	99.6	232	1	0	1	232	1	1545	-1	0
otu373	afn:Acfer_R0016	99.6	232	1	0	1	232	1	1545	-1	0
otu378	fne:FSDG_04057	100.0	232	0	0	1	232	1	1507	-1	0
otu378	fne:FSDG_04060	100.0	232	0	0	1	232	1	1507	-1	0
otu378	fus:HMPREF0409_04046	100.0	232	0	0	1	232	1	1507	-1	0
otu378	fne:FSDG_04049	100.0	232	0	0	1	232	1	1507	-1	0
otu378	fus:HMPREF0409_04049	99.6	232	1	0	1	232	1	1507	-1	0
otu378	fus:HMPREF0409_04052	99.6	232	1	0	1	232	1	1508	-1	0
otu378	fne:FSDG_04054	99.6	232	1	0	1	232	1	1507	-1	0
otu378	fne:FSDG_04046	99.6	232	0	1	1	232	1	1506	-1	0
otu383	dfi:AXF13_03345	100.0	233	0	0	1	233	1	1554	-1	0
otu383	dfi:AXF13_02425	100.0	233	0	0	1	233	1	1554	-1	0
otu383	dfi:AXF13_00675	100.0	233	0	0	1	233	1	1554	-1	0
otu383	dpg:DESPIGER_0214	97.9	233	5	0	1	233	1	1551	-1	0
otu383	dpg:DESPIGER_0686	97.9	233	5	0	1	233	1	1551	-1	0
otu383	dds:Ddes_R0059	97.4	233	6	0	1	233	1	1538	-1	0
otu383	dds:Ddes_R0007	97.4	233	6	0	1	233	1	1538	-1	0
otu383	dds:Ddes_R0041	97.4	233	6	0	1	233	1	1538	-1	0
otu375	dfi:AXF13_00675	98.3	233	4	0	1	233	1	1554	-1	0
otu375	dfi:AXF13_02425	98.3	233	4	0	1	233	1	1554	-1	0
otu375	dfi:AXF13_03345	98.3	233	4	0	1	233	1	1554	-1	0
otu375	dds:Ddes_R0007	97.4	233	6	0	1	233	1	1538	-1	0
otu375	dds:Ddes_R0041	97.4	233	6	0	1	233	1	1538	-1	0
otu375	dds:Ddes_R0059	97.4	233	6	0	1	233	1	1538	-1	0
otu376	tur:AT726_05455	99.6	233	1	0	1	233	1	1525	-1	0
otu376	tur:AT726_02880	99.6	233	1	0	1	233	1	1526	-1	0
otu382	cure:CUREO_1560	100.0	233	0	0	1	233	1	1500	-1	0
otu382	cure:CUREO_0631	100.0	233	0	0	1	233	1	1500	-1	0
otu382	cure:CUREO_0485	100.0	233	0	0	1	233	1	1500	-1	0
otu400	gpa:GPA_R_36180	100.0	233	0	0	1	233	1	1497	-1	0
otu410	cuv:CUREI_03320	98.7	234	3	0	1	234	1	1528	-1	0
otu412	csh:Closa_R0026	97.9	233	5	0	1	233	1	1519	-1	0
otu412	csh:Closa_R0040	97.9	233	5	0	1	233	1	1519	-1	0
otu412	csh:Closa_R0083	97.9	233	5	0	1	233	1	1519	-1	0
otu412	csh:Closa_R0002	97.9	233	5	0	1	233	1	1519	-1	0
otu412	csh:Closa_R0013	97.9	233	5	0	1	233	1	1519	-1	0
otu412	csh:Closa_R0021	97.9	233	5	0	1	233	1	1519	-1	0
otu414	mcu:HMPREF0573_r10006	100.0	233	0	0	1	233	1	1528	-1	0
otu414	mcu:HMPREF0573_r10003	100.0	233	0	0	1	233	1	1528	-1	0
otu420	amy:ADJ76_05880	97.4	233	6	0	1	233	1	1555	-1	0
otu420	amy:ADJ76_03535	97.4	233	6	0	1	233	1	1555	-1	0
otu420	amy:ADJ76_01805	97.4	233	6	0	1	233	1	1555	-1	0
otu429	cbq:AL705_08160	100.0	233	0	0	1	233	1	1530	-1	0
otu429	cbq:AL705_02435	100.0	233	0	0	1	233	1	1530	-1	0
otu435	ahe:Arch_R0059	97.9	233	5	0	1	233	1	1519	-1	0
otu435	ahe:Arch_R0036	97.9	233	5	0	1	233	1	1519	-1	0
otu435	ahe:Arch_R0011	97.9	233	5	0	1	233	1	1518	-1	0
otu435	ahe:Arch_R0050	97.4	233	5	1	1	233	1	1517	-1	0
otu443	amy:ADJ76_05880	99.1	233	2	0	1	233	1	1555	-1	0
otu443	amy:ADJ76_03535	99.1	233	2	0	1	233	1	1555	-1	0
otu443	amy:ADJ76_01805	99.1	233	2	0	1	233	1	1555	-1	0
otu460	cax:CATYP_08660	97.9	234	5	0	1	234	1	1542	-1	0
otu460	cax:CATYP_10155	97.9	234	5	0	1	234	1	1542	-1	0
otu460	cax:CATYP_03065	97.9	234	5	0	1	234	1	1542	-1	0
otu460	cax:CATYP_05675	97.9	234	5	0	1	234	1	1542	-1	0
otu460	cgy:CGLY_r16130	97.4	234	6	0	1	234	1	1516	-1	0
otu460	cgy:CGLY_r16115	97.4	234	6	0	1	234	1	1516	-1	0
otu460	cgy:CGLY_r16145	97.4	234	6	0	1	234	1	1516	-1	0
otu460	car:cauri_r01	97.0	234	7	0	1	234	1	1409	-1	0
otu466	cpo:COPRO5265_1659	100.0	233	0	0	1	233	1	1542	-1	0
otu466	cpo:COPRO5265_1653	100.0	233	0	0	1	233	1	1542	-1	0
otu468	amo:Anamo_1776	98.3	233	4	0	1	233	1	1408	-1	0
otu468	amo:Anamo_1727	98.3	233	4	0	1	233	1	1408	-1	0
